Построение начато 28.05.2018 18:08:12.
     1>Проект "D:\C++\mYKURS\ConsoleApplication1\ConsoleApplication1.vcxproj" в узле 2 (целевые объекты Build).
     1>ClCompile:
         D:\Program files\Visual studio 2012\VC\bin\x86_amd64\CL.exe /c /Zi /nologo /W1 /WX- /O2 /Gm- /EHsc /MD /GS /fp:precise /Zc:wchar_t /Zc:forScope /Fo"x64\Debug\\" /Fd"x64\Debug\vc110.pdb" /Gd /TP /errorReport:prompt classes.cpp kurs.cpp
         classes.cpp
     1>classes.cpp(45): warning C4172: возвращение адреса локальной или временной переменной
     1>classes.cpp(49): warning C4172: возвращение адреса локальной или временной переменной
     1>classes.cpp(90): warning C4172: возвращение адреса локальной или временной переменной
     1>classes.cpp(98): warning C4172: возвращение адреса локальной или временной переменной
     1>classes.cpp(145): warning C4172: возвращение адреса локальной или временной переменной
     1>classes.cpp(149): warning C4172: возвращение адреса локальной или временной переменной
         kurs.cpp
         Создание кода...
       Link:
         D:\Program files\Visual studio 2012\VC\bin\x86_amd64\link.exe /ERRORREPORT:PROMPT /OUT:"D:\C++\mYKURS\x64\Debug\mykursovoi.exe" /NOLOGO kernel32.lib user32.lib gdi32.lib winspool.lib comdlg32.lib advapi32.lib shell32.lib ole32.lib oleaut32.lib uuid.lib odbc32.lib odbccp32.lib /MANIFEST /MANIFESTUAC:"level='asInvoker' uiAccess='false'" /manifest:embed /PDB:"D:\C++\mYKURS\x64\Debug\mykursovoi.pdb" /TLBID:1 /DYNAMICBASE /NXCOMPAT /IMPLIB:"D:\C++\mYKURS\x64\Debug\mykursovoi.lib" /MACHINE:X64 x64\Debug\container.obj
         x64\Debug\Object.obj
         x64\Debug\classes.obj
         x64\Debug\kurs.obj
         x64\Debug\ObjectList.obj
         x64\Debug\stdafx.obj
         ConsoleApplication1.vcxproj -> D:\C++\mYKURS\x64\Debug\mykursovoi.exe
     1>Построение проекта "D:\C++\mYKURS\ConsoleApplication1\ConsoleApplication1.vcxproj" завершено (целевые объекты Build).

Построение успешно завершено.

Затраченное время: 00:00:03.54
